  Cleaning SlAiEditor and UnrealHeaderTool binaries...
  Using 'git status' to determine working set for adaptive non-unity build (D:\Code\UE4\SlAi).
  Creating makefile for SlAiEditor (no existing makefile)
  Parsing headers for SlAiEditor
    Running UnrealHeaderTool "D:\Code\UE4\SlAi\SlAi\SlAi.uproject" "D:\Code\UE4\SlAi\SlAi\Intermediate\Build\Win64\SlAiEditor\Development\SlAiEditor.uhtmanifest" -LogCmds="loginit warning, logexit warning, logdatabase error" -Unattended -WarningsAsErrors -abslog="C:\Users\piang\AppData\Local\UnrealBuildTool\Log_UHT.txt" -installed
  Reflection code generated for SlAiEditor in 3.3134946 seconds
  Building SlAiEditor...
  Using Visual Studio 2019 14.28.29337 toolchain (C:\Program Files (x86)\Microsoft Visual Studio\2019\Community\VC\Tools\MSVC\14.28.29333) and Windows 10.0.18362.0 SDK (C:\Program Files (x86)\Windows Kits\10).
  Distributing 100 actions to XGE
  --------------------Build System Warning---------------------------------------
  License is invalid:
      License information is invalid. Please try reloading your license file using the Coordinator Monitor application on the Coordinator machine, or reinstall IncrediBuild.
      This build will run in standalone mode.
  
  -------------------------------------------------------------------------------
  --------------------Project: Default-------------------------------------------
  SharedPCH.Engine.ShadowErrors.cpp (0:26.46 at +0:00)
  SharedPCH.Core.RTTI.ShadowErrors.cpp (0:01.64 at +0:26)
  SharedPCH.UnrealEd.RTTI.ShadowErrors.cpp (0:20.01 at +0:28)
  color_sinks.cpp (0:01.11 at +0:48)
  file_sinks.cpp (0:01.43 at +0:49)
  SimpleSocket.cpp (0:00.54 at +0:50)
  fmt.cpp (0:01.92 at +0:51)
  cfg.cpp (0:01.06 at +0:53)
  RdId.cpp (0:01.64 at +0:54)
  PassiveSocket.cpp (0:00.51 at +0:55)
  SingleThreadScheduler.cpp (0:01.75 at +0:56)
  SynchronousScheduler.cpp (0:00.46 at +0:58)
  WireUtil.cpp (0:01.78 at +0:58)
  PumpScheduler.cpp (0:01.64 at +1:00)
  PkgInputStream.cpp (0:01.14 at +1:02)
  Serializers.cpp (0:02.50 at +1:03)
  DefaultAbstractDeclaration.cpp (0:01.65 at +1:05)
  stdout_sinks.cpp (0:00.93 at +1:07)
  ISerializersOwner.cpp (0:00.60 at +1:08)
  RdBindableBase.cpp (0:02.50 at +1:08)
  spdlog.cpp (0:02.78 at +1:11)
  InternScheduler.cpp (0:00.43 at +1:14)
  SerializationCtx.cpp (0:02.62 at +1:14)
  RdAny.cpp (0:01.21 at +1:17)
  Polymorphic.cpp (0:02.25 at +1:18)
  ISerializable.cpp (0:00.46 at +1:20)
  SingleThreadSchedulerBase.cpp (0:02.06 at +1:21)
  countdownlatch.cpp (0:00.56 at +1:23)
  SignalCookie.cpp (0:00.34 at +1:23)
  MessageBroker.cpp (0:02.34 at +1:24)
  async.cpp (0:01.00 at +1:26)
  RdExtBase.cpp (0:02.82 at +1:27)
  LifetimeImpl.cpp (0:00.96 at +1:30)
  IUnknownInstance.cpp (0:01.68 at +1:31)
  Lifetime.cpp (0:01.26 at +1:32)
  LifetimeDefinition.cpp (0:01.10 at +1:34)
  WireBase.cpp (0:02.00 at +1:35)
  IRdWireable.cpp (0:01.65 at +1:37)
  thread_util.cpp (0:00.59 at +1:38)
  ExtWire.cpp (0:02.01 at +1:39)
  SequentialLifetimes.cpp (0:00.96 at +1:41)
  IProtocol.cpp (0:02.59 at +1:42)
  RdTextBuffer.cpp (0:00.32 at +1:45)
  IScheduler.cpp (0:01.07 at +1:45)
  Identities.cpp (0:01.67 at +1:46)
C:\Program Files (x86)\Microsoft Visual Studio\2019\Community\MSBuild\Microsoft\VC\v160\Microsoft.MakeFile.Targets(51,5): warning MSB5021: 终止任务可执行文件“cmd”及其子进程，因为已取消生成。
C:\Program Files (x86)\Microsoft Visual Studio\2019\Community\MSBuild\Microsoft\VC\v160\Microsoft.MakeFile.Targets(51,5): error MSB4181: “Exec”任务返回了 false，但未记录错误。
